<?xml version="1.0" encoding="UTF-8"?>
<testng-results skipped="0" failed="0" total="1" passed="1">
  <reporter-output>
    <line>
      <![CDATA[<br><b>Processing 1 pages from: http://ecwebs01.llbean.com/llb/shop/ </b><br>]]>
    </line>
    <line>
      <![CDATA[<br>********* Processing page: <a href= " http://ecwebs01.llbean.com/llb/shop/83181 " target="_blank" >83181</a> *********<br>]]>
    </line>
    <line>
      <![CDATA[********* Page: 83181 completed *****<br>]]>
    </line>
  </reporter-output>
  <suite name="Command line suite" duration-ms="22558" started-at="2016-02-15T15:37:39Z" finished-at="2016-02-15T15:38:02Z">
    <groups>
    </groups>
    <test name="Command line test" duration-ms="22558" started-at="2016-02-15T15:37:39Z" finished-at="2016-02-15T15:38:02Z">
      <class name="defaultPackage.TestingProductPage">
        <test-method status="PASS" signature="testSetUp()[pri:0, instance:defaultPackage.TestingProductPage@559b7c83]" name="testSetUp" is-config="true" duration-ms="5110" started-at="2016-02-15T09:37:39Z" finished-at="2016-02-15T09:37:44Z">
          <reporter-output>
          </reporter-output>
        </test-method> <!-- testSetUp -->
        <test-method status="PASS" signature="test()[pri:0, instance:defaultPackage.TestingProductPage@559b7c83]" name="test" duration-ms="17355" started-at="2016-02-15T09:37:44Z" finished-at="2016-02-15T09:38:02Z">
          <reporter-output>
            <line>
              <![CDATA[<br><b>Processing 1 pages from: http://ecwebs01.llbean.com/llb/shop/ </b><br>]]>
            </line>
            <line>
              <![CDATA[<br>********* Processing page: <a href= " http://ecwebs01.llbean.com/llb/shop/83181 " target="_blank" >83181</a> *********<br>]]>
            </line>
            <line>
              <![CDATA[********* Page: 83181 completed *****<br>]]>
            </line>
          </reporter-output>
        </test-method> <!-- test -->
      </class> <!-- defaultPackage.TestingProductPage -->
    </test> <!-- Command line test -->
  </suite> <!-- Command line suite -->
</testng-results>
